0 info it worked if it ends with ok
1 verbose cli [ '/Users/rdecast/.nvm/versions/node/v4.4.3/bin/node',
1 verbose cli   '/Users/rdecast/.nvm/versions/node/v4.4.3/bin/npm',
1 verbose cli   'run',
1 verbose cli   'build' ]
2 info using npm@3.8.7
3 info using node@v4.4.3
4 verbose stack Error: ENOENT: no such file or directory, open '/Users/rdecast/love/raydecastro/ray/hapi-react-redux/package.json'
4 verbose stack     at Error (native)
5 verbose cwd /Users/rdecast/love/raydecastro/ray/hapi-react-redux
6 error Darwin 15.3.0
7 error argv "/Users/rdecast/.nvm/versions/node/v4.4.3/bin/node" "/Users/rdecast/.nvm/versions/node/v4.4.3/bin/npm" "run" "build"
8 error node v4.4.3
9 error npm  v3.8.7
10 error path /Users/rdecast/love/raydecastro/ray/hapi-react-redux/package.json
11 error code ENOENT
12 error errno -2
13 error syscall open
14 error enoent ENOENT: no such file or directory, open '/Users/rdecast/love/raydecastro/ray/hapi-react-redux/package.json'
15 error enoent ENOENT: no such file or directory, open '/Users/rdecast/love/raydecastro/ray/hapi-react-redux/package.json'
15 error enoent This is most likely not a problem with npm itself
15 error enoent and is related to npm not being able to find a file.
16 verbose exit [ -2, true ]
